mode: set
assignments-wills0ng/servers/gateway/models/users/postgresstore.go:39.59,42.16 3 1
assignments-wills0ng/servers/gateway/models/users/postgresstore.go:45.2,45.15 1 1
assignments-wills0ng/servers/gateway/models/users/postgresstore.go:42.16,44.3 1 1
assignments-wills0ng/servers/gateway/models/users/postgresstore.go:49.66,53.16 3 1
assignments-wills0ng/servers/gateway/models/users/postgresstore.go:56.2,56.15 1 1
assignments-wills0ng/servers/gateway/models/users/postgresstore.go:53.16,55.3 1 1
assignments-wills0ng/servers/gateway/models/users/postgresstore.go:60.72,64.16 3 1
assignments-wills0ng/servers/gateway/models/users/postgresstore.go:67.2,67.15 1 1
assignments-wills0ng/servers/gateway/models/users/postgresstore.go:64.16,66.3 1 1
assignments-wills0ng/servers/gateway/models/users/postgresstore.go:72.60,78.16 4 1
assignments-wills0ng/servers/gateway/models/users/postgresstore.go:82.2,83.18 2 1
assignments-wills0ng/servers/gateway/models/users/postgresstore.go:78.16,80.3 1 0
assignments-wills0ng/servers/gateway/models/users/postgresstore.go:88.76,94.16 4 1
assignments-wills0ng/servers/gateway/models/users/postgresstore.go:97.2,97.15 1 1
assignments-wills0ng/servers/gateway/models/users/postgresstore.go:94.16,96.3 1 1
assignments-wills0ng/servers/gateway/models/users/postgresstore.go:101.49,103.16 2 1
assignments-wills0ng/servers/gateway/models/users/postgresstore.go:106.2,106.12 1 1
assignments-wills0ng/servers/gateway/models/users/postgresstore.go:103.16,105.3 1 0
assignments-wills0ng/servers/gateway/models/users/user.go:56.37,58.16 2 1
assignments-wills0ng/servers/gateway/models/users/user.go:61.2,61.26 1 1
assignments-wills0ng/servers/gateway/models/users/user.go:64.2,64.36 1 1
assignments-wills0ng/servers/gateway/models/users/user.go:67.2,67.27 1 1
assignments-wills0ng/servers/gateway/models/users/user.go:70.2,70.40 1 1
assignments-wills0ng/servers/gateway/models/users/user.go:73.2,73.33 1 1
assignments-wills0ng/servers/gateway/models/users/user.go:78.2,78.32 1 1
assignments-wills0ng/servers/gateway/models/users/user.go:83.2,83.12 1 1
assignments-wills0ng/servers/gateway/models/users/user.go:58.16,60.3 1 1
assignments-wills0ng/servers/gateway/models/users/user.go:61.26,63.3 1 1
assignments-wills0ng/servers/gateway/models/users/user.go:64.36,66.3 1 1
assignments-wills0ng/servers/gateway/models/users/user.go:67.27,69.3 1 1
assignments-wills0ng/servers/gateway/models/users/user.go:70.40,72.3 1 1
assignments-wills0ng/servers/gateway/models/users/user.go:73.33,74.27 1 1
assignments-wills0ng/servers/gateway/models/users/user.go:74.27,76.4 1 1
assignments-wills0ng/servers/gateway/models/users/user.go:78.32,79.27 1 1
assignments-wills0ng/servers/gateway/models/users/user.go:79.27,81.4 1 1
assignments-wills0ng/servers/gateway/models/users/user.go:88.44,90.16 2 1
assignments-wills0ng/servers/gateway/models/users/user.go:93.2,102.15 4 1
assignments-wills0ng/servers/gateway/models/users/user.go:90.16,92.3 1 1
assignments-wills0ng/servers/gateway/models/users/user.go:110.34,111.51 1 1
assignments-wills0ng/servers/gateway/models/users/user.go:111.51,113.3 1 1
assignments-wills0ng/servers/gateway/models/users/user.go:113.8,113.34 1 1
assignments-wills0ng/servers/gateway/models/users/user.go:113.34,115.3 1 1
assignments-wills0ng/servers/gateway/models/users/user.go:115.8,115.33 1 1
assignments-wills0ng/servers/gateway/models/users/user.go:115.33,117.3 1 1
assignments-wills0ng/servers/gateway/models/users/user.go:117.8,119.3 1 1
assignments-wills0ng/servers/gateway/models/users/user.go:123.48,129.2 4 1
assignments-wills0ng/servers/gateway/models/users/user.go:132.51,134.16 2 1
assignments-wills0ng/servers/gateway/models/users/user.go:137.2,138.12 2 1
assignments-wills0ng/servers/gateway/models/users/user.go:134.16,136.3 1 0
assignments-wills0ng/servers/gateway/models/users/user.go:143.52,145.2 1 1
assignments-wills0ng/servers/gateway/models/users/user.go:149.53,150.38 1 1
assignments-wills0ng/servers/gateway/models/users/user.go:155.2,155.37 1 1
assignments-wills0ng/servers/gateway/models/users/user.go:160.2,162.12 3 1
assignments-wills0ng/servers/gateway/models/users/user.go:150.38,151.27 1 1
assignments-wills0ng/servers/gateway/models/users/user.go:151.27,153.4 1 1
assignments-wills0ng/servers/gateway/models/users/user.go:155.37,156.27 1 1
assignments-wills0ng/servers/gateway/models/users/user.go:156.27,158.4 1 1
